2018-02-09 11:29:15.606 [ main ] INFO  com.stxia.middleware.MiddlewareMain -Starting MiddlewareMain on CTUN56581818A with PID 19380 (C:\Users\i343478\workspace\com.stxia.middleware\target\classes started by I343478 in C:\Users\i343478\workspace\com.stxia.middleware)
2018-02-09 11:29:15.609 [ main ] INFO  com.stxia.middleware.MiddlewareMain -No active profile set, falling back to default profiles: default
2018-02-09 11:29:15.678 [ main ] INFO  o.s.b.c.e.AnnotationConfigEmbeddedWebApplicationContext -Refreshing org.springframework.boot.context.embedded.AnnotationConfigEmbeddedWebApplicationContext@5bf0d49: startup date [Fri Feb 09 11:29:15 CST 2018]; root of context hierarchy
2018-02-09 11:29:16.219 [ background-preinit ] INFO  o.h.validator.internal.util.Version -HV000001: Hibernate Validator 5.3.5.Final
2018-02-09 11:29:17.450 [ main ] INFO  o.s.b.c.e.t.TomcatEmbeddedServletContainer -Tomcat initialized with port(s): 9888 (http)
2018-02-09 11:29:17.463 [ main ] INFO  o.a.catalina.core.StandardService -Starting service [Tomcat]
2018-02-09 11:29:17.465 [ main ] INFO  o.a.catalina.core.StandardEngine -Starting Servlet Engine: Apache Tomcat/8.5.15
2018-02-09 11:29:17.622 [ localhost-startStop-1 ] INFO  o.a.c.c.C.[Tomcat].[localhost].[/] -Initializing Spring embedded WebApplicationContext
2018-02-09 11:29:17.624 [ localhost-startStop-1 ] INFO  o.s.web.context.ContextLoader -Root WebApplicationContext: initialization completed in 1944 ms
2018-02-09 11:29:17.946 [ localhost-startStop-1 ] INFO  o.s.b.w.s.ServletRegistrationBean -Mapping servlet: 'dispatcherServlet' to [/]
2018-02-09 11:29:17.955 [ localhost-startStop-1 ] INFO  o.s.b.w.s.FilterRegistrationBean -Mapping filter: 'characterEncodingFilter' to: [/*]
2018-02-09 11:29:17.955 [ localhost-startStop-1 ] INFO  o.s.b.w.s.FilterRegistrationBean -Mapping filter: 'hiddenHttpMethodFilter' to: [/*]
2018-02-09 11:29:17.956 [ localhost-startStop-1 ] INFO  o.s.b.w.s.FilterRegistrationBean -Mapping filter: 'httpPutFormContentFilter' to: [/*]
2018-02-09 11:29:17.956 [ localhost-startStop-1 ] INFO  o.s.b.w.s.FilterRegistrationBean -Mapping filter: 'requestContextFilter' to: [/*]
2018-02-09 11:29:18.086 [ main ] INFO  c.s.m.configuration.KaaClientConfig -------------------------start KaaClient------------------------
2018-02-09 11:29:18.314 [ main ] INFO  o.k.k.c.p.KaaClientPropertiesState -Version: '0.11.0-SNAPSHOT', commit hash: ''
2018-02-09 11:29:18.316 [ main ] INFO  o.k.k.c.p.KaaClientPropertiesState -SDK properties are up to date
2018-02-09 11:29:18.942 [ main ] INFO  o.k.k.c.c.i.c.AbstractHttpChannel -Creating a new executor for channel default_bootstrap_channel
2018-02-09 11:29:19.094 [ main ] INFO  o.k.k.c.c.impl.DefaultChannelManager -Failed to find operations service for channel [default_operation_tcp_channel] type TransportProtocolId [id=1456013202, version=1]
2018-02-09 11:29:19.112 [ main ] INFO  o.k.k.c.logging.AbstractLogCollector -New log upload strategy was set: org.kaaproject.kaa.client.logging.strategies.RecordCountLogUploadStrategy@18dcb8a7
2018-02-09 11:29:19.114 [ main ] INFO  c.s.m.configuration.KaaClientConfig -------------------------started KaaClient------------------------
2018-02-09 11:29:19.115 [ pool-2-thread-1 ] INFO  o.k.k.client.KaaClientStateListener -Kaa client started
2018-02-09 11:29:19.116 [ Thread-2 ] INFO  o.k.k.c.c.i.c.AbstractHttpChannel -Processing sync BOOTSTRAP for channel default_bootstrap_channel
2018-02-09 11:29:19.575 [ pool-1-thread-1 ] INFO  o.k.k.c.c.impl.DefaultChannelManager -Adding new operations service: GenericTransportInfo [serverType=OPERATIONS, transportId=TransportProtocolId [id=1456013202, version=1], md={"accessPointId": -1835393002, "protocolVersionInfo": {"id": 1456013202, "version": 1}, "connectionInfo": {"bytes": "0000012630820122300d06092a864886f70d01010105000382010f003082010a02820101008356f20c5185cd5293efc4eb22972da254ade219d05fd210cf13446a075af40c63963a49c6614f5d1f90b3d7cb7645807e71e50f154334138c2e61cb9cbd627581af543c234bfaad51806b5d4e1b7c1900e4b448f35fed0d8aef77cbc471f1ff4dfe848103799c219a077b9e2992a978a814d3a0772c0a539348c31119f28e1435442b4d74284d0da45a6a1d34ebd7725ae3ff87894e6482e536b5281fc346bd300d5c016f032e556853ff26eb7fdcab6de52898344a0d66e58b1f772dc28f16bed991914603bce3a36da1a2aa8e5ada9589e67aed4ba4361c3c30d2ce4144e4e145a753db34bb07fc50cc46d589c0e7b97d933ffa1f153f2ebc4f062c6d7cc102030100010000000f3132342e3230352e3234312e3132340000270d"}}]
2018-02-09 11:29:19.577 [ pool-1-thread-1 ] INFO  o.k.k.c.c.i.c.DefaultOperationTcpChannel -Setting server [GenericTransportInfo [serverType=OPERATIONS, transportId=TransportProtocolId [id=1456013202, version=1], md={"accessPointId": -1835393002, "protocolVersionInfo": {"id": 1456013202, "version": 1}, "connectionInfo": {"bytes": "0000012630820122300d06092a864886f70d01010105000382010f003082010a02820101008356f20c5185cd5293efc4eb22972da254ade219d05fd210cf13446a075af40c63963a49c6614f5d1f90b3d7cb7645807e71e50f154334138c2e61cb9cbd627581af543c234bfaad51806b5d4e1b7c1900e4b448f35fed0d8aef77cbc471f1ff4dfe848103799c219a077b9e2992a978a814d3a0772c0a539348c31119f28e1435442b4d74284d0da45a6a1d34ebd7725ae3ff87894e6482e536b5281fc346bd300d5c016f032e556853ff26eb7fdcab6de52898344a0d66e58b1f772dc28f16bed991914603bce3a36da1a2aa8e5ada9589e67aed4ba4361c3c30d2ce4144e4e145a753db34bb07fc50cc46d589c0e7b97d933ffa1f153f2ebc4f062c6d7cc102030100010000000f3132342e3230352e3234312e3132340000270d"}}]] for channel [default_operation_tcp_channel]
2018-02-09 11:29:19.577 [ pool-1-thread-1 ] INFO  o.k.k.c.c.i.c.DefaultOperationTcpChannel -Creating a new executor for channel [default_operation_tcp_channel]
2018-02-09 11:29:19.577 [ pool-1-thread-1 ] INFO  o.k.k.c.c.i.c.DefaultOperationTcpChannel -New server's: IpTransportInfo [host=124.205.241.124, port=9997] host or ip is different from the old null, reconnecting
2018-02-09 11:29:19.577 [ pool-1-thread-1 ] INFO  o.k.k.c.c.i.c.DefaultOperationTcpChannel -Scheduling open connection task
2018-02-09 11:29:19.578 [ pool-1-thread-1 ] INFO  o.k.k.c.c.impl.DefaultChannelManager -Adding new operations service: GenericTransportInfo [serverType=OPERATIONS, transportId=TransportProtocolId [id=-73777936, version=1], md={"accessPointId": -1835393002, "protocolVersionInfo": {"id": -73777936, "version": 1}, "connectionInfo": {"bytes": "0000012630820122300d06092a864886f70d01010105000382010f003082010a02820101008356f20c5185cd5293efc4eb22972da254ade219d05fd210cf13446a075af40c63963a49c6614f5d1f90b3d7cb7645807e71e50f154334138c2e61cb9cbd627581af543c234bfaad51806b5d4e1b7c1900e4b448f35fed0d8aef77cbc471f1ff4dfe848103799c219a077b9e2992a978a814d3a0772c0a539348c31119f28e1435442b4d74284d0da45a6a1d34ebd7725ae3ff87894e6482e536b5281fc346bd300d5c016f032e556853ff26eb7fdcab6de52898344a0d66e58b1f772dc28f16bed991914603bce3a36da1a2aa8e5ada9589e67aed4ba4361c3c30d2ce4144e4e145a753db34bb07fc50cc46d589c0e7b97d933ffa1f153f2ebc4f062c6d7cc102030100010000000f3132342e3230352e3234312e3132340000270f"}}]
2018-02-09 11:29:19.579 [ pool-6-thread-1 ] INFO  o.k.k.c.c.i.c.DefaultOperationTcpChannel -Channel [default_operation_tcp_channel]: opening connection to server IpTransportInfo [host=124.205.241.124, port=9997]
2018-02-09 11:29:19.643 [ main ] INFO  o.s.w.s.m.m.a.RequestMappingHandlerAdapter -Looking for @ControllerAdvice: org.springframework.boot.context.embedded.AnnotationConfigEmbeddedWebApplicationContext@5bf0d49: startup date [Fri Feb 09 11:29:15 CST 2018]; root of context hierarchy
2018-02-09 11:29:19.645 [ pool-6-thread-1 ] INFO  o.k.k.c.c.i.t.DefaultProfileTransport -Profile is up to date
2018-02-09 11:29:19.646 [ pool-6-thread-1 ] INFO  o.k.k.c.c.i.t.DefaultNotificationTransport -Topic States:
2018-02-09 11:29:19.647 [ pool-6-thread-1 ] INFO  o.k.k.c.c.i.t.DefaultNotificationTransport -65537 : 0
2018-02-09 11:29:19.649 [ pool-6-thread-1 ] INFO  o.k.k.c.c.i.DefaultOperationDataProcessor -Created Sync request: {"requestId": 1, "syncRequestMetaData": {"sdkToken": "i2Z1IAn_ivPNrtGqMAYN1t0kPi8", "endpointPublicKeyHash": {"bytes": "251cdaf40f98de46b24d20c0dcf54573379a9d76"}, "profileHash": {"bytes": "da39a3ee5e6b4b0d3255bfef95601890afd80709"}, "timeout": 60000}, "bootstrapSyncRequest": null, "profileSyncRequest": null, "configurationSyncRequest": {"configurationHash": {"bytes": "da39a3ee5e6b4b0d3255bfef95601890afd80709"}, "resyncOnly": true}, "notificationSyncRequest": {"topicListHash": 65568, "topicStates": [{"topicId": 65537, "seqNumber": 0}], "acceptedUnicastNotifications": null, "subscriptionCommands": []}, "userSyncRequest": {"userAttachRequest": null, "endpointAttachRequests": [], "endpointDetachRequests": []}, "eventSyncRequest": {"eventSequenceNumberRequest": {}, "eventListenersRequests": null, "events": null}, "logSyncRequest": {"requestId": 0, "logEntries": null}, "extensionSyncRequests": null}
2018-02-09 11:29:19.686 [ pool-6-thread-1 ] INFO  o.k.k.c.c.i.c.DefaultOperationTcpChannel -Channel [default_operation_tcp_channel] is reading data from stream using [1024] byte buffer
2018-02-09 11:29:19.757 [ main ] INFO  o.s.w.s.m.m.a.RequestMappingHandlerMapping -Mapped "{[/error]}" onto public org.springframework.http.ResponseEntity<java.util.Map<java.lang.String, java.lang.Object>> org.springframework.boot.autoconfigure.web.BasicErrorController.error(javax.servlet.http.HttpServletRequest)
2018-02-09 11:29:19.758 [ main ] INFO  o.s.w.s.m.m.a.RequestMappingHandlerMapping -Mapped "{[/error],produces=[text/html]}" onto public org.springframework.web.servlet.ModelAndView org.springframework.boot.autoconfigure.web.BasicErrorController.errorHtml(javax.servlet.http.HttpServletRequest,javax.servlet.http.HttpServletResponse)
2018-02-09 11:29:19.769 [ pool-6-thread-1 ] INFO  o.k.k.c.c.i.c.DefaultOperationTcpChannel -ConnAck (ACCEPTED) message received for channel [default_operation_tcp_channel]
2018-02-09 11:29:19.769 [ pool-6-thread-1 ] INFO  o.k.k.c.c.i.c.DefaultOperationTcpChannel -Channel [default_operation_tcp_channel] is reading data from stream using [1024] byte buffer
2018-02-09 11:29:19.770 [ pool-6-thread-1 ] INFO  o.k.k.c.c.i.c.DefaultOperationTcpChannel -KaaSync message (zipped=false, encrypted=true) received for channel [default_operation_tcp_channel]
2018-02-09 11:29:19.779 [ pool-6-thread-1 ] INFO  o.k.k.c.c.i.DefaultOperationDataProcessor -Received Sync response: {"requestId": 1, "status": "SUCCESS", "bootstrapSyncResponse": null, "profileSyncResponse": null, "configurationSyncResponse": {"responseStatus": "NO_DELTA", "confSchemaBody": null, "confDeltaBody": null}, "notificationSyncResponse": {"responseStatus": "NO_DELTA", "notifications": [], "availableTopics": null}, "userSyncResponse": {"userAttachResponse": null, "userAttachNotification": null, "userDetachNotification": null, "endpointAttachResponses": [], "endpointDetachResponses": []}, "eventSyncResponse": {"eventSequenceNumberResponse": {"seqNum": 0}, "eventListenersResponses": [], "events": null}, "redirectSyncResponse": null, "logSyncResponse": null, "extensionSyncResponses": null}
2018-02-09 11:29:19.779 [ pool-6-thread-1 ] INFO  o.k.k.c.c.i.t.DefaultConfigurationTransport -Processed configuration response.
2018-02-09 11:29:19.779 [ pool-6-thread-1 ] INFO  o.k.k.c.c.i.t.DefaultEventTransport -Event sequence number is up to date: 0
2018-02-09 11:29:19.780 [ pool-6-thread-1 ] INFO  o.k.k.c.c.i.t.DefaultNotificationTransport -Processed notification response.
2018-02-09 11:29:19.780 [ pool-6-thread-1 ] INFO  o.k.k.c.c.i.t.DefaultUserTransport -Processed user response
2018-02-09 11:29:19.780 [ pool-6-thread-1 ] INFO  o.k.k.c.c.i.c.DefaultOperationTcpChannel -Channel [default_operation_tcp_channel] is reading data from stream using [1024] byte buffer
2018-02-09 11:29:19.800 [ main ] INFO  o.s.w.s.h.SimpleUrlHandlerMapping -Mapped URL path [/webjars/**] onto handler of type [class org.springframework.web.servlet.resource.ResourceHttpRequestHandler]
2018-02-09 11:29:19.800 [ main ] INFO  o.s.w.s.h.SimpleUrlHandlerMapping -Mapped URL path [/**] onto handler of type [class org.springframework.web.servlet.resource.ResourceHttpRequestHandler]
2018-02-09 11:29:19.841 [ main ] INFO  o.s.w.s.h.SimpleUrlHandlerMapping -Mapped URL path [/**/favicon.ico] onto handler of type [class org.springframework.web.servlet.resource.ResourceHttpRequestHandler]
2018-02-09 11:29:20.026 [ main ] INFO  o.s.j.e.a.AnnotationMBeanExporter -Registering beans for JMX exposure on startup
2018-02-09 11:29:20.049 [ main ] INFO  o.a.coyote.http11.Http11NioProtocol -Initializing ProtocolHandler ["http-nio-9888"]
2018-02-09 11:29:20.063 [ main ] INFO  o.a.coyote.http11.Http11NioProtocol -Starting ProtocolHandler ["http-nio-9888"]
2018-02-09 11:29:20.076 [ main ] INFO  o.a.tomcat.util.net.NioSelectorPool -Using a shared selector for servlet write/read
2018-02-09 11:29:20.105 [ main ] INFO  o.s.b.c.e.t.TomcatEmbeddedServletContainer -Tomcat started on port(s): 9888 (http)
2018-02-09 11:29:20.137 [ main ] INFO  com.stxia.middleware.MiddlewareMain -Started MiddlewareMain in 4.911 seconds (JVM running for 5.826)
2018-02-09 11:29:33.503 [ RMI TCP Connection(2)-10.130.226.61 ] INFO  o.s.b.a.SpringApplicationAdminMXBeanRegistrar$SpringApplicationAdmin -Application shutdown requested.
2018-02-09 11:29:33.503 [ RMI TCP Connection(2)-10.130.226.61 ] INFO  o.s.b.c.e.AnnotationConfigEmbeddedWebApplicationContext -Closing org.springframework.boot.context.embedded.AnnotationConfigEmbeddedWebApplicationContext@5bf0d49: startup date [Fri Feb 09 11:29:15 CST 2018]; root of context hierarchy
2018-02-09 11:29:33.505 [ RMI TCP Connection(2)-10.130.226.61 ] INFO  o.s.j.e.a.AnnotationMBeanExporter -Unregistering JMX-exposed beans on shutdown
